<?xml version="1.0" encoding="UTF-8"?>
<!-- Generated by org.testng.reporters.JUnitXMLReporter -->
<testsuite ignored="0" hostname="VC-1527" failures="1" tests="1" name="Create Subject Test" time="0.075" errors="0" timestamp="2026-02-26T18:39:15 IST">
  <testcase classname="com.everycred.tests.CreateSubjectTest" name="testCreateSubject" time="0.027">
    <failure type="java.lang.IllegalArgumentException" message="Input must be set">
      <![CDATA[java.lang.IllegalArgumentException: Input must be set
at org.openqa.selenium.internal.Require.nonNull(Require.java:60)
at org.openqa.selenium.support.ui.FluentWait.<init>(FluentWait.java:92)
at org.openqa.selenium.support.ui.WebDriverWait.<init>(WebDriverWait.java:74)
at org.openqa.selenium.support.ui.WebDriverWait.<init>(WebDriverWait.java:43)
at com.everycred.pages.LoginPage.<init>(LoginPage.java:21)
at com.everycred.tests.CreateSubjectTest.testCreateSubject(CreateSubjectTest.java:14)
at java.base/java.util.ArrayList.forEach(ArrayList.java:1596)
... Removed 25 stack frames]]>
    </failure>
  </testcase> <!-- testCreateSubject -->
</testsuite> <!-- Create Subject Test -->
