<?xml version="1.0" encoding="UTF-8"?>
<testsuite xmlns:xsi="http://www.w3.org/2001/XMLSchema-instance" xsi:noNamespaceSchemaLocation="https://maven.apache.org/surefire/maven-surefire-plugin/xsd/surefire-test-report-3.0.xsd" version="3.0" name="TestSuite" time="269.527" tests="1" errors="0" skipped="0" failures="1">
  <properties>
[...]
</properties>
  <testcase name="testCreateSubject" classname="com.everycred.tests.CreateSubjectTest" time="260.968">
    <failure message="Issued credential row not found in table after 3 attempts" type="java.lang.RuntimeException"><![CDATA[java.lang.RuntimeException: Issued credential row not found in table after 3 attempts
	at com.everycred.pages.VerifyCredentialPage.verifyCredentialFlow(VerifyCredentialPage.java:146)
	at com.everycred.tests.CreateSubjectTest.testCreateSubject(CreateSubjectTest.java:122)
	at java.base/jdk.internal.reflect.DirectMethodHandleAccessor.invoke(DirectMethodHandleAccessor.java:104)
	at java.base/java.lang.reflect.Method.invoke(Method.java:565)
	at org.testng.internal.invokers.MethodInvocationHelper.invokeMethod(MethodInvocationHelper.java:139)
	at org.testng.internal.invokers.TestInvoker.invokeMethod(TestInvoker.java:664)
	at org.testng.internal.invokers.TestInvoker.invokeTestMethod(TestInvoker.java:228)
	at org.testng.internal.invokers.MethodRunner.runInSequence(MethodRunner.java:63)
	at org.testng.internal.invokers.TestInvoker$MethodInvocationAgent.invoke(TestInvoker.java:961)
	at org.testng.internal.invokers.TestInvoker.invokeTestMethods(TestInvoker.java:201)
	at org.testng.internal.invokers.TestMethodWorker.invokeTestMethods(TestMethodWorker.java:148)
	at org.testng.internal.invokers.TestMethodWorker.run(TestMethodWorker.java:128)
	at java.base/java.util.ArrayList.forEach(ArrayList.java:1604)
	at org.testng.TestRunner.privateRun(TestRunner.java:819)
	at org.testng.TestRunner.run(TestRunner.java:619)
	at org.testng.SuiteRunner.runTest(SuiteRunner.java:443)
	at org.testng.SuiteRunner.runSequentially(SuiteRunner.java:437)
	at org.testng.SuiteRunner.privateRun(SuiteRunner.java:397)
	at org.testng.SuiteRunner.run(SuiteRunner.java:336)
	at org.testng.SuiteRunnerWorker.runSuite(SuiteRunnerWorker.java:52)
	at org.testng.SuiteRunnerWorker.run(SuiteRunnerWorker.java:95)
	at org.testng.TestNG.runSuitesSequentially(TestNG.java:1301)
	at org.testng.TestNG.runSuitesLocally(TestNG.java:1228)
	at org.testng.TestNG.runSuites(TestNG.java:1134)
	at org.testng.TestNG.run(TestNG.java:1101)
	at org.apache.maven.surefire.testng.TestNGExecutor.run(TestNGExecutor.java:308)
	at org.apache.maven.surefire.testng.TestNGXmlTestSuite.execute(TestNGXmlTestSuite.java:71)
	at org.apache.maven.surefire.testng.TestNGProvider.invoke(TestNGProvider.java:113)
	at org.apache.maven.surefire.booter.ForkedBooter.runSuitesInProcess(ForkedBooter.java:385)
	at org.apache.maven.surefire.booter.ForkedBooter.execute(ForkedBooter.java:162)
	at org.apache.maven.surefire.booter.ForkedBooter.run(ForkedBooter.java:507)
	at org.apache.maven.surefire.booter.ForkedBooter.main(ForkedBooter.java:495)
]]></failure>
    <system-out><![CDATA[===== TEST START =====
Browser launched → https://demo-dcs-issuer-us.everycred.com/auth/login
===== TEST STARTED =====
--- STEP 1: Sign Up ---
===== STARTING SIGN UP FLOW =====
Waiting 2 seconds for login page to fully render...
Clicking Sign Up link on Login page
Sign Up page loaded
Filling Sign Up form
Terms and Conditions accepted
Sign Up form filled successfully
Submitting Sign Up form
Sign Up click attempt 1/15
'Verifying Email...' popup appeared — email is being sent (attempt 1)
Verification processing complete — confirmation email dispatched
Sign Up submitted — confirmation email sent to democredtesting58168@yopmail.com
Opening YOPmail now...
Opening YOPmail to verify email
YOPmail load attempt 1 → https://yopmail.com/en/
YOPmail loaded successfully on attempt 1
YOPmail loaded
YOPmail Go triggered via Enter key
Looking for 'EveryCred | Issuer Email Verification' in YOPmail inbox...
Inbox check attempt 1/6...
Clicked 'EveryCred | Issuer Email Verification' email row
Verification email clicked on attempt 1
Switching to email body iframe (ifmail)...
Email body loaded in ifmail iframe
Clicking Verify Email button...
Verify Email button clicked!
Verification page loaded: https://demo-dcs-issuer-us.everycred.com/verify-registration/.eJxNkVtrGzEQRv9KEHm0y-ou7VOpG7eQQmihIc2LGUkjZ-O9IWlxlpD_XjkQyNsw58zwDfNKlozpEKAAaV_JCAOSlnzHYbraJQw4lg76fCUNVYZsCA7Q9VUIVfCVF8ylG4_v-Os6zRf8xU9DVWfI-TylUO3s0zqXljOtTGtaer1f5t3ewfnhLgt8ery9lopRBw6VoJxbYOCtt9YDdaERXMYogxAOnbCN5MwJgxikgdgwqahpPBivGDfRC68tegfRURZRc8G0QaM1DdbZyFWk3rloGnTKUGupFNKIRtW8w-S6vh4_Ln2_ISfocU1wSBgPXfjoLsulJtHoJngmtk5QuhXKha2JVmyZBWACpOdSk7cNSXjscklQumk8nHCto89_8vNvOE83t_np4eZfyX5Ou_70c6_h_kjPf7-lR3r_8uNXDVTW-fKLz0vI239Tp4fM.agW_ww.lgTraduczbLIldnu4I6dPbJP6ng
Checking verification result page...
Verification page text: Email Verification Success Registration verified successfully! You will be redirected to the dashboard shortly... Go to Dashboard
Clicking: Go to Dashboard
Button clicked! Waiting for dashboard navigation...
Page after click: https://demo-dcs-issuer-us.everycred.com/admin/dashboard
YOPmail tab closed
Email verification step completed — current page: https://demo-dcs-issuer-us.everycred.com/admin/dashboard
===== SIGN UP FLOW COMPLETED =====
--- STEP 2: Issuer Profile ---
===== STARTING ISSUER PROFILE FLOW =====
Issuer Name  : City of Albuquerque (For Dem 1405)
Issuer Email : admin.albuquerque14051757@yopmail.com
Current URL before Issuer Profile: https://demo-dcs-issuer-us.everycred.com/admin/dashboard
Already on dashboard — waiting for page to fully mount...
Waiting for Get Started onboarding panel to load...
Get Started panel collapsed
Opening profile dropdown...
Profile dropdown opened
Add Issuer clicked — navigating to Issuer Details page
Issuer Details page loaded
Filling Issuer Details...
Clicking Next (Issuer Details → Blockchain Credential Setup)
Blockchain Credential Setup page loaded
Blockchain Credential Setup — keeping defaults, clicking Next
Issuer Branding page loaded
Filling Issuer Branding...
Logo uploaded: C:\Users\Nikhil Sonawane\Downloads\istockphoto-902800822-612x612.jpg
Checking for crop/editor dialog after Logo upload...
Crop dialog detected — clicking: [Crop] for Logo
Scoped preview img wait missed for Logo — trying painted-image JS check...
Preview rendered after crop for Logo ✅ (JS dimension check)
Crop dialog dismissed for Logo
Banner uploaded: C:\Users\Nikhil Sonawane\Downloads\download (35).jpg
Checking for crop/editor dialog after Banner upload...
Crop dialog detected — clicking: [Crop] for Banner
Scoped preview img wait missed for Banner — trying painted-image JS check...
Preview rendered after crop for Banner ✅ (JS dimension check)
Crop dialog dismissed for Banner
Clicking Save...
Waiting for OTP verification popup...
OTP popup appeared
Opening YOPmail to retrieve OTP for: admin.albuquerque14051757@yopmail.com
YOPmail load attempt 1 → https://yopmail.com/en/
YOPmail loaded on attempt 1
YOPmail loaded
YOPmail Go triggered via Enter key
Looking for OTP Verification email in inbox...
Switched into ifinbox iframe
OTP email row clicked
Extracting OTP from email body...
OTP found on attempt 1: 745451
OTP extracted: 745451
Entering OTP '745451' into popup...
OTP input fields found: 6
Verify Code clicked — waiting for issuer profile confirmation...
OTP verified — Issuer Profile created successfully!
Verifying dashboard and logging out...
Confirmed on Dashboard page
Profile dropdown opened for Sign Out
Signed out — back on Login page: https://demo-dcs-issuer-us.everycred.com/auth/login
===== ISSUER PROFILE FLOW COMPLETED =====
--- STEP 3: Login with signup credentials ---
Login email: democredtesting58168@yopmail.com
===== LOGIN ATTEMPT: 1 =====
✅ Login successful
--- STEP 4: Navigate to Subjects ---
Onboarding not present
Get Started panel collapsed
--- STEP 5: Create Group ---
Onboarding not present
Collapse not found
Attempting Group Name (timestamp-based): Employee Department 76552
Trying group name: Employee Department 76552 (attempt 1)
Clicked Create Group submit button (attempt 1)
Group Created Successfully: Employee Department 76552
--- STEP 6: Create Subject ---
Opening Create Subject
Highest subject sequence on page: -1 → next: 0
Attempting Subject Name: Employee ID Card
Clicking Create New...
Clicking Create Subject option...
Subject Basic Details Completed
--- STEP 7: Add Subject Attributes ---
Onboarding not present
Adding Attributes
All Attributes Added Successfully
--- STEP 8: Select Attributes and Submit ---
Onboarding not present
Selecting attribute: Employees ID
Selecting attribute: Designation
Selecting attribute: Personal Email ID
Selecting attribute: Personal Contact Number
Selecting attribute: Joining Date
Selecting attribute: Expiry Date
Selecting attribute: Company URL
Selecting attribute: Address
Attributes selected before submit: 8
Workflow popup closed using Later
Submit clicked
--- STEP 9: Add Record ---
Opening Subjects Tab
Get Started panel collapsed
Get Started panel collapsed
Employee ID Card Subject Found
Add Record button clicked
Waiting for Add Credential Page to Load
Add Credential Page Loaded Successfully
Get Started panel collapsed
Add Record dialog form fields rendered
Add Record form popup opened
Starting Add Record Form Filling
Get Started panel collapsed
Selecting Joining Date (Current Date)
Joining Date Selected
Selecting Expiry Date
Expiry Date Selected Successfully (Time auto-filled by system)
Save button clicked
Record Added Successfully
Waiting 2 seconds before closing form
Form already closed
Form Closed Successfully
Navigated to Draft credentials list after add record
--- STEP 10: Issue Credential ---
Starting Issue Credential Flow
Ensuring we are on Credentials page
Draft tab selected
Current URL = https://demo-dcs-issuer-us.everycred.com/admin/credentials?status=draft
Waiting for Draft Credential table
Credential table rows are visible
Selecting record checkbox
Get Started panel collapsed
Record checkbox selected
Issue Credentials button clicked (attempt 1)
Waiting for Issue Credentials popup...
Selected 'No' for Send credentials via email
Issue popup open. Selecting Valid From date...
Selecting current date
Valid From date selected via calendar: 05/14/2026 18:01
Validity date selection confirmed: 05/14/2026
Click Issue button in popup
Waiting popup to close
Switching to Issued tab to show issued credential
Credential issued and page stabilized
--- STEP 11: Verify Credential ---
Starting Verify Credential Flow
No 'Onboarding Complete' modal found — continuing
Opening Issued tab
No 'Onboarding Complete' modal found — continuing
Waiting for issued credential to appear in table...
Row not visible yet (attempt 1) — refreshing page...
No 'Onboarding Complete' modal found — continuing
Row not visible yet (attempt 2) — refreshing page...
No 'Onboarding Complete' modal found — continuing
Row not visible yet (attempt 3) — refreshing page...
No 'Onboarding Complete' modal found — continuing
]]></system-out>
    <system-err><![CDATA[SLF4J(W): No SLF4J providers were found.
SLF4J(W): Defaulting to no-operation (NOP) logger implementation
SLF4J(W): See https://www.slf4j.org/codes.html#noProviders for further details.
May 14, 2026 5:57:33 PM org.openqa.selenium.devtools.CdpVersionFinder findNearestMatch
WARNING: Unable to find CDP implementation matching 148
May 14, 2026 5:57:34 PM org.openqa.selenium.chromium.ChromiumDriver lambda$new$5
WARNING: Unable to find version of CDP to use for 148.0.7778.167. You may need to include a dependency on a specific version of the CDP using something similar to `org.seleniumhq.selenium:selenium-devtools-v86:4.17.0` where the version ("v86") matches the version of the chromium-based browser you're using and the version number of the artifact is the same as Selenium's.
]]></system-err>
  </testcase>
</testsuite>