<?xml version="1.0" encoding="UTF-8"?>
<testng-results ignored="0" total="1" passed="1" failed="0" skipped="0">
  <reporter-output>
  </reporter-output>
  <suite started-at="2026-05-14T18:55:35 IST" name="Surefire suite" finished-at="2026-05-14T19:02:10 IST" duration-ms="395131">
    <groups>
    </groups>
    <test started-at="2026-05-14T18:55:35 IST" name="Surefire test" finished-at="2026-05-14T19:02:10 IST" duration-ms="395131">
      <class name="com.everycred.tests.CreateSubjectTest">
        <test-method is-config="true" signature="setUp()[pri:0, instance:com.everycred.tests.CreateSubjectTest@6b419da]" started-at="2026-05-14T18:55:35 IST" name="setUp" finished-at="2026-05-14T18:55:43 IST" duration-ms="8306" status="PASS">
          <reporter-output>
          </reporter-output>
        </test-method> <!-- setUp -->
        <test-method signature="testCreateSubject()[pri:0, instance:com.everycred.tests.CreateSubjectTest@6b419da]" started-at="2026-05-14T18:55:43 IST" name="testCreateSubject" finished-at="2026-05-14T19:02:10 IST" duration-ms="386715" status="PASS">
          <reporter-output>
          </reporter-output>
        </test-method> <!-- testCreateSubject -->
        <test-method is-config="true" signature="tearDown(org.testng.ITestResult)[pri:0, instance:com.everycred.tests.CreateSubjectTest@6b419da]" started-at="2026-05-14T19:02:10 IST" name="tearDown" finished-at="2026-05-14T19:02:10 IST" duration-ms="26" status="PASS">
          <params>
            <param index="0">
              <value>
                <![CDATA[[TestResult name=testCreateSubject status=SUCCESS method=CreateSubjectTest.testCreateSubject()[pri:0, instance:com.everycred.tests.CreateSubjectTest@6b419da] output={null}]]]>
              </value>
            </param>
          </params>
          <reporter-output>
          </reporter-output>
        </test-method> <!-- tearDown -->
      </class> <!-- com.everycred.tests.CreateSubjectTest -->
    </test> <!-- Surefire test -->
  </suite> <!-- Surefire suite -->
</testng-results>
