<?xml version="1.0" encoding="UTF-8"?>
<!-- Generated by org.testng.reporters.JUnitXMLReporter -->
<testsuite ignored="0" hostname="VC-NikhilSonawane" failures="1" tests="1" name="Full Flow Test" time="268.621" errors="0" timestamp="2026-05-14T18:01:59 IST">
  <testcase classname="com.everycred.tests.CreateSubjectTest" name="testCreateSubject" time="260.874">
    <failure type="java.lang.RuntimeException" message="Issued credential row not found in table after 3 attempts">
      <![CDATA[java.lang.RuntimeException: Issued credential row not found in table after 3 attempts
at com.everycred.pages.VerifyCredentialPage.verifyCredentialFlow(VerifyCredentialPage.java:146)
at com.everycred.tests.CreateSubjectTest.testCreateSubject(CreateSubjectTest.java:122)
at java.base/java.util.ArrayList.forEach(ArrayList.java:1604)
... Removed 29 stack frames]]>
    </failure>
  </testcase> <!-- testCreateSubject -->
</testsuite> <!-- Full Flow Test -->
