<?xml version="1.0" encoding="UTF-8"?>
<testng-results ignored="0" total="1" passed="1" failed="0" skipped="0">
  <reporter-output>
  </reporter-output>
  <suite started-at="2026-05-17T16:10:21 IST" name="Default suite" finished-at="2026-05-17T16:19:13 IST" duration-ms="531718">
    <groups>
    </groups>
    <test started-at="2026-05-17T16:10:21 IST" name="Default test" finished-at="2026-05-17T16:19:13 IST" duration-ms="531718">
      <class name="com.everycred.tests.CreateSubjectTest">
        <test-method is-config="true" signature="setUp()[pri:0, instance:com.everycred.tests.CreateSubjectTest@3754a4bf]" started-at="2026-05-17T16:10:21 IST" name="setUp" finished-at="2026-05-17T16:10:46 IST" duration-ms="25329" status="PASS">
          <reporter-output>
          </reporter-output>
        </test-method> <!-- setUp -->
        <test-method signature="testCreateSubject()[pri:0, instance:com.everycred.tests.CreateSubjectTest@3754a4bf]" started-at="2026-05-17T16:10:46 IST" name="testCreateSubject" finished-at="2026-05-17T16:19:13 IST" duration-ms="506169" status="PASS">
          <reporter-output>
          </reporter-output>
        </test-method> <!-- testCreateSubject -->
        <test-method is-config="true" signature="tearDown(org.testng.ITestResult)[pri:0, instance:com.everycred.tests.CreateSubjectTest@3754a4bf]" started-at="2026-05-17T16:19:13 IST" name="tearDown" finished-at="2026-05-17T16:19:13 IST" duration-ms="24" status="PASS">
          <params>
            <param index="0">
              <value>
                <![CDATA[[TestResult name=testCreateSubject status=SUCCESS method=CreateSubjectTest.testCreateSubject()[pri:0, instance:com.everycred.tests.CreateSubjectTest@3754a4bf] output={null}]]]>
              </value>
            </param>
          </params>
          <reporter-output>
          </reporter-output>
        </test-method> <!-- tearDown -->
      </class> <!-- com.everycred.tests.CreateSubjectTest -->
    </test> <!-- Default test -->
  </suite> <!-- Default suite -->
</testng-results>
