<?xml version="1.0" encoding="UTF-8"?>
<!-- Generated by org.testng.reporters.JUnitXMLReporter -->
<testsuite ignored="0" hostname="VC-NikhilSonawane" failures="0" tests="13" name="Full Flow Test" time="418.584" errors="0" timestamp="2026-05-18T15:31:09 IST">
  <testcase classname="com.everycred.tests.CreateSubjectTest" name="step01_SignUp" time="37.34"/>
  <testcase classname="com.everycred.tests.CreateSubjectTest" name="step02_IssuerProfile" time="51.275"/>
  <testcase classname="com.everycred.tests.CreateSubjectTest" name="step03_Login" time="4.524"/>
  <testcase classname="com.everycred.tests.CreateSubjectTest" name="step04_NavigateToSubjects" time="2.507"/>
  <testcase classname="com.everycred.tests.CreateSubjectTest" name="step05_CreateGroup" time="8.787"/>
  <testcase classname="com.everycred.tests.CreateSubjectTest" name="step06_CreateSubject" time="9.45"/>
  <testcase classname="com.everycred.tests.CreateSubjectTest" name="step07_AddAttributes" time="23.477"/>
  <testcase classname="com.everycred.tests.CreateSubjectTest" name="step08_SelectAttributesAndSubmit" time="6.864"/>
  <testcase classname="com.everycred.tests.CreateSubjectTest" name="step09_AddRecord" time="57.221"/>
  <testcase classname="com.everycred.tests.CreateSubjectTest" name="step10_IssueCredential" time="12.624"/>
  <testcase classname="com.everycred.tests.CreateSubjectTest" name="step11_VerifyCredential" time="25.179"/>
  <testcase classname="com.everycred.tests.CreateSubjectTest" name="step12_RevokeCredential" time="23.109"/>
  <testcase classname="com.everycred.tests.CreateSubjectTest" name="step13_UploadSpreadsheet" time="149.121"/>
</testsuite> <!-- Full Flow Test -->
